<?xml version="1.0" encoding="UTF-8"?>
<Site BuildName="Linux-g++-5"
	BuildStamp="20201022-0606-Experimental"
	Name="yflyh"
	Generator="ctest-3.18.1"
	CompilerName="/usr/bin/g++-5"
	CompilerVersion="5.4.0"
	OSName="Linux"
	Hostname="yflyh"
	OSRelease="4.4.0-193-generic"
	OSVersion="#224-Ubuntu SMP Tue Oct 6 17:15:28 UTC 2020"
	OSPlatform="x86_64"
	Is64Bits="1"
	VendorString="GenuineIntel"
	VendorID="Intel Corporation"
	FamilyID="6"
	ModelID="142"
	ProcessorCacheSize="6144"
	NumberOfLogicalCPU="8"
	NumberOfPhysicalCPU="4"
	TotalVirtualMemory="8092"
	TotalPhysicalMemory="7883"
	LogicalProcessorsPerPhysical="2"
	ProcessorClockFrequency="1909.19"
	>
	<Testing>
		<StartDateTime>Oct 22 14:06 CST</StartDateTime>
		<StartTestTime>1603346802</StartTestTime>
		<TestList/>
		<EndDateTime>Oct 22 14:06 CST</EndDateTime>
		<EndTestTime>1603346802</EndTestTime>
		<ElapsedMinutes>0</ElapsedMinutes>
	</Testing>
</Site>
